# JRE version: Java(TM) SE Runtime Environment (8.0_45-b15) (build 1.8.0_45-b15)
# Java VM: Java HotSpot(TM) 64-Bit Server VM (25.45-b02 mixed mode windows-amd64 compressed oops)
Heap:
 PSYoungGen      total 13824K, used 1764K [0x00000000e3200000, 0x00000000e4100000, 0x0000000100000000)
  eden space 12288K, 1% used [0x00000000e3200000,0x00000000e323d028,0x00000000e3e00000)
  from space 1536K, 99% used [0x00000000e3e00000,0x00000000e3f7c310,0x00000000e3f80000)
  to   space 1536K, 0% used [0x00000000e3f80000,0x00000000e3f80000,0x00000000e4100000)
 ParOldGen       total 5632K, used 3042K [0x00000000a9600000, 0x00000000a9b80000, 0x00000000e3200000)
  object space 5632K, 54% used [0x00000000a9600000,0x00000000a98f89d8,0x00000000a9b80000)
 Metaspace       used 7481K, capacity 8244K, committed 8448K, reserved 1056768K
  class space    used 893K, capacity 944K, committed 1024K, reserved 1048576K
GC Heap History (10 events):
Event: 1.372 GC heap before
{Heap before GC invocations=3 (full 0):
 PSYoungGen      total 3584K, used 3568K [0x00000000e3200000, 0x00000000e3600000, 0x0000000100000000)
  eden space 3072K, 100% used [0x00000000e3200000,0x00000000e3500000,0x00000000e3500000)
  from space 512K, 96% used [0x00000000e3580000,0x00000000e35fc030,0x00000000e3600000)
  to   space 512K, 0% used [0x00000000e3500000,0x00000000e3500000,0x00000000e3580000)
 ParOldGen       total 5632K, used 208K [0x00000000a9600000, 0x00000000a9b80000, 0x00000000e3200000)
  object space 5632K, 3% used [0x00000000a9600000,0x00000000a9634000,0x00000000a9b80000)
 Metaspace       used 4633K, capacity 5772K, committed 6016K, reserved 1056768K
  class space    used 559K, capacity 584K, committed 640K, reserved 1048576K
Event: 1.414 GC heap after
Heap after GC invocations=3 (full 0):
 PSYoungGen      total 3584K, used 496K [0x00000000e3200000, 0x00000000e3900000, 0x0000000100000000)
  eden space 3072K, 0% used [0x00000000e3200000,0x00000000e3200000,0x00000000e3500000)
  from space 512K, 96% used [0x00000000e3500000,0x00000000e357c010,0x00000000e3580000)
  to   space 512K, 0% used [0x00000000e3880000,0x00000000e3880000,0x00000000e3900000)
 ParOldGen       total 5632K, used 680K [0x00000000a9600000, 0x00000000a9b80000, 0x00000000e3200000)
  object space 5632K, 12% used [0x00000000a9600000,0x00000000a96aa070,0x00000000a9b80000)
 Metaspace       used 4633K, capacity 5772K, committed 6016K, reserved 1056768K
  class space    used 559K, capacity 584K, committed 640K, reserved 1048576K
}
Event: 1.858 GC heap before
{Heap before GC invocations=4 (full 0):
 PSYoungGen      total 3584K, used 3568K [0x00000000e3200000, 0x00000000e3900000, 0x0000000100000000)
  eden space 3072K, 100% used [0x00000000e3200000,0x00000000e3500000,0x00000000e3500000)
  from space 512K, 96% used [0x00000000e3500000,0x00000000e357c010,0x00000000e3580000)
  to   space 512K, 0% used [0x00000000e3880000,0x00000000e3880000,0x00000000e3900000)
 ParOldGen       total 5632K, used 680K [0x00000000a9600000, 0x00000000a9b80000, 0x00000000e3200000)
  object space 5632K, 12% used [0x00000000a9600000,0x00000000a96aa070,0x00000000a9b80000)
 Metaspace       used 5393K, capacity 6508K, committed 6656K, reserved 1056768K
  class space    used 667K, capacity 680K, committed 768K, reserved 1048576K
Event: 1.887 GC heap after
Heap after GC invocations=4 (full 0):
 PSYoungGen      total 6656K, used 496K [0x00000000e3200000, 0x00000000e3900000, 0x0000000100000000)
  eden space 6144K, 0% used [0x00000000e3200000,0x00000000e3200000,0x00000000e3800000)
  from space 512K, 96% used [0x00000000e3880000,0x00000000e38fc010,0x00000000e3900000)
  to   space 512K, 0% used [0x00000000e3800000,0x00000000e3800000,0x00000000e3880000)
 ParOldGen       total 5632K, used 776K [0x00000000a9600000, 0x00000000a9b80000, 0x00000000e3200000)
  object space 5632K, 13% used [0x00000000a9600000,0x00000000a96c2070,0x00000000a9b80000)
 Metaspace       used 5393K, capacity 6508K, committed 6656K, reserved 1056768K
  class space    used 667K, capacity 680K, committed 768K, reserved 1048576K
}
Event: 3.299 GC heap before
{Heap before GC invocations=5 (full 0):
 PSYoungGen      total 6656K, used 6631K [0x00000000e3200000, 0x00000000e3900000, 0x0000000100000000)
  eden space 6144K, 99% used [0x00000000e3200000,0x00000000e37fdf70,0x00000000e3800000)
  from space 512K, 96% used [0x00000000e3880000,0x00000000e38fc010,0x00000000e3900000)
  to   space 512K, 0% used [0x00000000e3800000,0x00000000e3800000,0x00000000e3880000)
 ParOldGen       total 5632K, used 776K [0x00000000a9600000, 0x00000000a9b80000, 0x00000000e3200000)
  object space 5632K, 13% used [0x00000000a9600000,0x00000000a96c2070,0x00000000a9b80000)
 Metaspace       used 6877K, capacity 7796K, committed 8064K, reserved 1056768K
  class space    used 848K, capacity 880K, committed 896K, reserved 1048576K
Event: 3.307 GC heap after
Heap after GC invocations=5 (full 0):
 PSYoungGen      total 6656K, used 512K [0x00000000e3200000, 0x00000000e4100000, 0x0000000100000000)
  eden space 6144K, 0% used [0x00000000e3200000,0x00000000e3200000,0x00000000e3800000)
  from space 512K, 100% used [0x00000000e3800000,0x00000000e3880000,0x00000000e3880000)
  to   space 1536K, 0% used [0x00000000e3f80000,0x00000000e3f80000,0x00000000e4100000)
 ParOldGen       total 5632K, used 1437K [0x00000000a9600000, 0x00000000a9b80000, 0x00000000e3200000)
  object space 5632K, 25% used [0x00000000a9600000,0x00000000a97677e0,0x00000000a9b80000)
 Metaspace       used 6877K, capacity 7796K, committed 8064K, reserved 1056768K
  class space    used 848K, capacity 880K, committed 896K, reserved 1048576K
}
Event: 3.351 GC heap before
{Heap before GC invocations=6 (full 0):
 PSYoungGen      total 6656K, used 6651K [0x00000000e3200000, 0x00000000e4100000, 0x0000000100000000)
  eden space 6144K, 99% used [0x00000000e3200000,0x00000000e37fef90,0x00000000e3800000)
  from space 512K, 100% used [0x00000000e3800000,0x00000000e3880000,0x00000000e3880000)
  to   space 1536K, 0% used [0x00000000e3f80000,0x00000000e3f80000,0x00000000e4100000)
 ParOldGen       total 5632K, used 1437K [0x00000000a9600000, 0x00000000a9b80000, 0x00000000e3200000)
  object space 5632K, 25% used [0x00000000a9600000,0x00000000a97677e0,0x00000000a9b80000)
 Metaspace       used 6877K, capacity 7796K, committed 8064K, reserved 1056768K
  class space    used 848K, capacity 880K, committed 896K, reserved 1048576K
Event: 3.370 GC heap after
Heap after GC invocations=6 (full 0):
 PSYoungGen      total 13824K, used 573K [0x00000000e3200000, 0x00000000e4100000, 0x0000000100000000)
  eden space 12288K, 0% used [0x00000000e3200000,0x00000000e3200000,0x00000000e3e00000)
  from space 1536K, 37% used [0x00000000e3f80000,0x00000000e400f7f8,0x00000000e4100000)
  to   space 1536K, 0% used [0x00000000e3e00000,0x00000000e3e00000,0x00000000e3f80000)
 ParOldGen       total 5632K, used 1437K [0x00000000a9600000, 0x00000000a9b80000, 0x00000000e3200000)
  object space 5632K, 25% used [0x00000000a9600000,0x00000000a97677e0,0x00000000a9b80000)
 Metaspace       used 6877K, capacity 7796K, committed 8064K, reserved 1056768K
  class space    used 848K, capacity 880K, committed 896K, reserved 1048576K
}
Event: 5.198 GC heap before
{Heap before GC invocations=7 (full 0):
 PSYoungGen      total 13824K, used 12861K [0x00000000e3200000, 0x00000000e4100000, 0x0000000100000000)
  eden space 12288K, 100% used [0x00000000e3200000,0x00000000e3e00000,0x00000000e3e00000)
  from space 1536K, 37% used [0x00000000e3f80000,0x00000000e400f7f8,0x00000000e4100000)
  to   space 1536K, 0% used [0x00000000e3e00000,0x00000000e3e00000,0x00000000e3f80000)
 ParOldGen       total 5632K, used 1437K [0x00000000a9600000, 0x00000000a9b80000, 0x00000000e3200000)
  object space 5632K, 25% used [0x00000000a9600000,0x00000000a97677e0,0x00000000a9b80000)
 Metaspace       used 7481K, capacity 8244K, committed 8448K, reserved 1056768K
  class space    used 893K, capacity 944K, committed 1024K, reserved 1048576K
Event: 5.212 GC heap after
Heap after GC invocations=7 (full 0):
 PSYoungGen      total 13824K, used 1520K [0x00000000e3200000, 0x00000000e4100000, 0x0000000100000000)
  eden space 12288K, 0% used [0x00000000e3200000,0x00000000e3200000,0x00000000e3e00000)
  from space 1536K, 99% used [0x00000000e3e00000,0x00000000e3f7c310,0x00000000e3f80000)
  to   space 1536K, 0% used [0x00000000e3f80000,0x00000000e3f80000,0x00000000e4100000)
 ParOldGen       total 5632K, used 3042K [0x00000000a9600000, 0x00000000a9b80000, 0x00000000e3200000)
  object space 5632K, 54% used [0x00000000a9600000,0x00000000a98f89d8,0x00000000a9b80000)
 Metaspace       used 7481K, capacity 8244K, committed 8448K, reserved 1056768K
  class space    used 893K, capacity 944K, committed 1024K, reserved 1048576K
}

